<?xml version="1.0" encoding="UTF-8"?>
<!-- Generated by org.testng.reporters.JUnitReportReporter -->
<testsuite hostname="LAPTOP-VRCUDKR5" failures="0" tests="1" name="medicare_webpages.Admin" time="7.870" errors="0" timestamp="2023-04-04T21:54:04 IST" skipped="0">
  <testcase classname="medicare_webpages.Admin" name="AdminTest" time="7.870"/>
  <system-out/>
</testsuite> <!-- medicare_webpages.Admin -->
