<?xml version="1.0" encoding="UTF-8"?>
<!-- Generated by org.testng.reporters.JUnitReportReporter -->
<testsuite hostname="LAPTOP-VRCUDKR5" failures="0" tests="1" name="rest_api_request.GetRequest" time="1.667" errors="0" timestamp="2023-03-27T12:12:08 IST" skipped="0">
  <testcase classname="rest_api_request.GetRequest" name="test1" time="1.667"/>
  <system-out/>
</testsuite> <!-- rest_api_request.GetRequest -->
