<?xml version="1.0" encoding="UTF-8"?>
<!-- Generated by org.testng.reporters.JUnitReportReporter -->
<testsuite hostname="LAPTOP-VRCUDKR5" failures="0" tests="1" name="medicare_webpages.Login" time="19.065" errors="0" timestamp="2023-03-27T14:43:07 IST" skipped="0">
  <testcase classname="medicare_webpages.Login" name="logintest" time="19.065"/>
  <system-out/>
</testsuite> <!-- medicare_webpages.Login -->
