<?xml version="1.0" encoding="UTF-8"?>
<!-- Generated by org.testng.reporters.JUnitReportReporter -->
<testsuite hostname="LAPTOP-VRCUDKR5" failures="0" tests="1" name="com.simplilearn.Login" time="13.100" errors="0" timestamp="2023-03-13T15:52:38 IST" skipped="0">
  <testcase classname="com.simplilearn.Login" name="logintest" time="13.100"/>
  <system-out/>
</testsuite> <!-- com.simplilearn.Login -->
