<?xml version="1.0" encoding="UTF-8"?>
<!-- Generated by org.testng.reporters.JUnitReportReporter -->
<testsuite hostname="LAPTOP-VRCUDKR5" failures="0" tests="1" name="medicare_webpages.Check_out" time="14.190" errors="0" timestamp="2023-03-27T12:12:08 IST" skipped="0">
  <testcase classname="medicare_webpages.Check_out" name="viewProductTest" time="14.190"/>
  <system-out/>
</testsuite> <!-- medicare_webpages.Check_out -->
