<?xml version="1.0" encoding="UTF-8"?>
<!-- Generated by org.testng.reporters.JUnitReportReporter -->
<testsuite hostname="LAPTOP-VRCUDKR5" failures="0" tests="1" name="medicare_webpages.Check_out" time="13.399" errors="0" timestamp="2023-03-28T11:55:59 IST" skipped="0">
  <testcase classname="medicare_webpages.Check_out" name="viewProductTest" time="13.399"/>
  <system-out/>
</testsuite> <!-- medicare_webpages.Check_out -->
