<?xml version="1.0" encoding="UTF-8"?>
<!-- Generated by org.testng.reporters.JUnitReportReporter -->
<testsuite hostname="LAPTOP-VRCUDKR5" failures="0" tests="1" name="medicare_webpages.Admin" time="10.869" errors="0" timestamp="2023-04-04T19:36:32 IST" skipped="0">
  <testcase classname="medicare_webpages.Admin" name="AdminTest" time="10.869"/>
  <system-out/>
</testsuite> <!-- medicare_webpages.Admin -->
