<?xml version="1.0" encoding="UTF-8"?>
<!-- Generated by org.testng.reporters.JUnitReportReporter -->
<testsuite hostname="LAPTOP-VRCUDKR5" failures="0" tests="1" name="medicare_webpages.Admin" time="9.098" errors="0" timestamp="2023-03-28T11:55:59 IST" skipped="0">
  <testcase classname="medicare_webpages.Admin" name="AdminTest" time="9.098"/>
  <system-out/>
</testsuite> <!-- medicare_webpages.Admin -->
